# Logfile created on 2014-03-06 16:56:44 -0800 by logger.rb/44203
I, [2014-03-06T16:56:44.925545 #26027]  INFO -- : 0:  addressable (2.3.5) from /Users/FrancoNColaizzi/.rvm/gems/ruby-2.1.0/specifications/addressable-2.3.5.gemspec
I, [2014-03-06T16:56:45.416154 #26027]  INFO -- : 0:  backports (3.6.0) from /Users/FrancoNColaizzi/.rvm/gems/ruby-2.1.0/specifications/backports-3.6.0.gemspec
I, [2014-03-06T16:56:45.416607 #26027]  INFO -- : 0:  coderay (1.1.0) from /Users/FrancoNColaizzi/.rvm/gems/ruby-2.1.0/specifications/coderay-1.1.0.gemspec
I, [2014-03-06T16:56:45.585070 #26027]  INFO -- : 0:  daemons (1.1.9) from /Users/FrancoNColaizzi/.rvm/gems/ruby-2.1.0/specifications/daemons-1.1.9.gemspec
I, [2014-03-06T16:56:45.585444 #26027]  INFO -- : 0:  eventmachine (1.0.3) from /Users/FrancoNColaizzi/.rvm/gems/ruby-2.1.0/specifications/eventmachine-1.0.3.gemspec
I, [2014-03-06T16:56:45.779343 #26027]  INFO -- : 0:  em-websocket (0.3.8) from /Users/FrancoNColaizzi/.rvm/gems/ruby-2.1.0/specifications/em-websocket-0.3.8.gemspec
I, [2014-03-06T16:56:45.779704 #26027]  INFO -- : 0:  method_source (0.8.2) from /Users/FrancoNColaizzi/.rvm/gems/ruby-2.1.0/specifications/method_source-0.8.2.gemspec
I, [2014-03-06T16:56:45.779965 #26027]  INFO -- : 0:  multi_json (1.9.0) from /Users/FrancoNColaizzi/.rvm/gems/ruby-2.1.0/specifications/multi_json-1.9.0.gemspec
I, [2014-03-06T16:56:45.780218 #26027]  INFO -- : 0:  slop (3.4.7) from /Users/FrancoNColaizzi/.rvm/gems/ruby-2.1.0/specifications/slop-3.4.7.gemspec
I, [2014-03-06T16:56:45.780465 #26027]  INFO -- : 0:  pry (0.9.12.6) from /Users/FrancoNColaizzi/.rvm/gems/ruby-2.1.0/specifications/pry-0.9.12.6.gemspec
I, [2014-03-06T16:56:45.780746 #26027]  INFO -- : 0:  rack (1.5.2) from /Users/FrancoNColaizzi/.rvm/gems/ruby-2.1.0/specifications/rack-1.5.2.gemspec
I, [2014-03-06T16:56:45.781010 #26027]  INFO -- : 0:  rack-protection (1.5.2) from /Users/FrancoNColaizzi/.rvm/gems/ruby-2.1.0/specifications/rack-protection-1.5.2.gemspec
I, [2014-03-06T16:56:45.781272 #26027]  INFO -- : 0:  rack-test (0.6.2) from /Users/FrancoNColaizzi/.rvm/gems/ruby-2.1.0/specifications/rack-test-0.6.2.gemspec
I, [2014-03-06T16:56:45.781529 #26027]  INFO -- : 0:  tilt (1.4.1) from /Users/FrancoNColaizzi/.rvm/gems/ruby-2.1.0/specifications/tilt-1.4.1.gemspec
I, [2014-03-06T16:56:45.781781 #26027]  INFO -- : 0:  sinatra (1.4.4) from /Users/FrancoNColaizzi/.rvm/gems/ruby-2.1.0/specifications/sinatra-1.4.4.gemspec
I, [2014-03-06T16:56:45.782016 #26027]  INFO -- : 0:  sinatra-contrib (1.4.2) from /Users/FrancoNColaizzi/.rvm/gems/ruby-2.1.0/specifications/sinatra-contrib-1.4.2.gemspec
I, [2014-03-06T16:56:47.477125 #26027]  INFO -- : 0:  thin (1.6.2) from /Users/FrancoNColaizzi/.rvm/gems/ruby-2.1.0/specifications/thin-1.6.2.gemspec
I, [2014-03-06T16:56:47.794630 #26027]  INFO -- : 0:  sinatra-websocket (0.3.0) from /Users/FrancoNColaizzi/.rvm/gems/ruby-2.1.0/specifications/sinatra-websocket-0.3.0.gemspec
I, [2014-03-06T16:56:47.795023 #26027]  INFO -- : 0:  bundler (1.5.1) from /Users/FrancoNColaizzi/.rvm/gems/ruby-2.1.0@global/specifications/bundler-1.5.1.gemspec
